<?xml version="1.0" encoding="UTF-8"?>
<!-- Generated by org.testng.reporters.JUnitReportReporter -->
<testsuite hostname="HP" name="TestTitle" tests="1" failures="0" timestamp="3 Oct 2019 05:27:31 GMT" time="0.125" errors="0">
  <testcase name="test" time="0.125" classname="TestTitle"/>
</testsuite> <!-- TestTitle -->
